#
# There is insufficient memory for the Java Runtime Environment to continue.
# Native memory allocation (mmap) failed to map 4030464 bytes. Error detail: G1 virtual space
# Possible reasons:
#   The system is out of physical RAM or swap space
#   This process is running with CompressedOops enabled, and the Java Heap may be blocking the growth of the native heap
# Possible solutions:
#   Reduce memory load on the system
#   Increase physical memory or swap space
#   Check if swap backing store is full
#   Decrease Java heap size (-Xmx/-Xms)
#   Decrease number of Java threads
#   Decrease Java thread stack sizes (-Xss)
#   Set larger code cache with -XX:ReservedCodeCacheSize=
#   JVM is running with Zero Based Compressed Oops mode in which the Java heap is
#     placed in the first 32GB address space. The Java Heap base address is the
#     maximum limit for the native heap growth. Please use -XX:HeapBaseMinAddress
#     to set the Java Heap base and to place the Java Heap above 32GB virtual address.
# This output file may be truncated or incomplete.
#
#  Out of Memory Error (os_windows.cpp:3707), pid=22820, tid=6140
#
# JRE version:  (23.0.2+7) (build )
# Java VM: Java HotSpot(TM) 64-Bit Server VM (23.0.2+7-58, mixed mode, sharing, tiered, compressed oops, compressed class ptrs, g1 gc, windows-amd64)
# No core dump will be written. Minidumps are not enabled by default on client versions of Windows
#

---------------  S U M M A R Y ------------

Command Line: -Dfile.encoding=UTF-8 -Ddb2.jcc.charsetDecoderEncoder=3 com.ibm.db2.server.DssLauncher 3000 off c:\Users\bao67\AppData\Roaming\Code\logs\20251224T153425\window1\exthost\IBM.db2forzosdeveloperextension -Xmx256M

Host: AMD Ryzen 7 6800HS with Radeon Graphics         , 16 cores, 15G,  Windows 11 , 64 bit Build 26100 (10.0.26100.7309)
Time: Wed Dec 24 15:34:31 2025 SE Asia Standard Time elapsed time: 0.012134 seconds (0d 0h 0m 0s)

---------------  T H R E A D  ---------------

Current thread (0x00000249acc06060):  JavaThread "Unknown thread" [_thread_in_vm, id=6140, stack(0x000000af67f00000,0x000000af68000000) (1024K)]

Stack: [0x000000af67f00000,0x000000af68000000]
Native frames: (J=compiled Java code, j=interpreted, Vv=VM code, C=native code)
V  [jvm.dll+0x6e0b99]  (no source info available)
V  [jvm.dll+0x87e2b3]  (no source info available)
V  [jvm.dll+0x88073e]  (no source info available)
V  [jvm.dll+0x880e13]  (no source info available)
V  [jvm.dll+0x27b006]  (no source info available)
V  [jvm.dll+0x6dd485]  (no source info available)
V  [jvm.dll+0x6d127a]  (no source info available)
V  [jvm.dll+0x35b50a]  (no source info available)
V  [jvm.dll+0x363916]  (no source info available)
V  [jvm.dll+0x34fe93]  (no source info available)
V  [jvm.dll+0x350118]  (no source info available)
V  [jvm.dll+0x328aec]  (no source info available)
V  [jvm.dll+0x32978e]  (no source info available)
V  [jvm.dll+0x8449a5]  (no source info available)
V  [jvm.dll+0x3b9a08]  (no source info available)
V  [jvm.dll+0x82d68c]  (no source info available)
V  [jvm.dll+0x454f2e]  (no source info available)
V  [jvm.dll+0x456db1]  (no source info available)
C  [jli.dll+0x52a3]  (no source info available)
C  [ucrtbase.dll+0x37b0]  (no source info available)
C  [KERNEL32.DLL+0x2e8d7]  (no source info available)
C  [ntdll.dll+0x8c53c]  (no source info available)

Lock stack of current Java thread (top to bottom):


---------------  P R O C E S S  ---------------

Threads class SMR info:
_java_thread_list=0x00007ffe11384618, length=0, elements={
}

Java Threads: ( => current thread )
Total: 0

Other Threads:
  0x00000249ad13a1c0 WorkerThread "GC Thread#0"                     [id=29936, stack(0x000000af68000000,0x000000af68100000) (1024K)]
  0x00000249ad168d30 ConcurrentGCThread "G1 Main Marker"            [id=25088, stack(0x000000af68100000,0x000000af68200000) (1024K)]
  0x00000249ad16ddb0 WorkerThread "G1 Conc#0"                       [id=18612, stack(0x000000af68200000,0x000000af68300000) (1024K)]

[error occurred during error reporting (printing all threads), id 0xc0000005, EXCEPTION_ACCESS_VIOLATION (0xc0000005) at pc=0x00007ffe10acc0da]
VM state: not at safepoint (not fully initialized)

VM Mutex/Monitor currently owned by a thread:  ([mutex/lock_event])
[0x00007ffe11404988] Heap_lock - owner thread: 0x00000249acc06060

Heap address: 0x000000070bc00000, size: 3908 MB, Compressed Oops mode: Zero based, Oop shift amount: 3

CDS archive(s) mapped at: [0x0000000000000000-0x0000000000000000-0x0000000000000000), size 0, SharedBaseAddress: 0x0000000800000000, ArchiveRelocationMode: 1.
Narrow klass base: 0x0000000000000000, Narrow klass shift: 0, Narrow klass range: 0x0

GC Precious Log:
 CardTable entry size: 512
 Card Set container configuration: InlinePtr #cards 4 size 8 Array Of Cards #cards 16 size 48 Howl #buckets 8 coarsen threshold 3686 Howl Bitmap #cards 512 size 80 coarsen threshold 460 Card regions per heap region 1 cards per card region 4096

Heap:
 garbage-first heap   total reserved 4001792K, committed 0K, used 0K [0x000000070bc00000, 0x0000000800000000)
  region size 2048K, 0 young (0K), 0 survivors (0K)

[error occurred during error reporting (printing heap information), id 0xc0000005, EXCEPTION_ACCESS_VIOLATION (0xc0000005) at pc=0x00007ffe10ecc6a9]
GC Heap History (0 events):
No events

Dll operation events (1 events):
Event: 0.008 Loaded shared library C:\Program Files\Java\jdk-23\bin\java.dll

Deoptimization events (0 events):
No events

Classes loaded (0 events):
No events

Classes unloaded (0 events):
No events

Classes redefined (0 events):
No events

Internal exceptions (0 events):
No events

VM Operations (0 events):
No events

Memory protections (0 events):
No events

Nmethod flushes (0 events):
No events

Events (0 events):
No events


Dynamic libraries:
0x00007ff6ddab0000 - 0x00007ff6ddac0000 	C:\Program Files\Java\jdk-23\bin\java.exe
0x00007ffe86b60000 - 0x00007ffe86dc7000 	C:\WINDOWS\SYSTEM32\ntdll.dll
0x00007ffe74820000 - 0x00007ffe74840000 	C:\Program Files\Avast Software\Avast\aswhook.dll
0x00007ffe85cf0000 - 0x00007ffe85db9000 	C:\WINDOWS\System32\KERNEL32.DLL
0x00007ffe83f80000 - 0x00007ffe8436f000 	C:\WINDOWS\System32\KERNELBASE.dll
0x00007ffe84580000 - 0x00007ffe846cb000 	C:\WINDOWS\System32\ucrtbase.dll
0x00007ffe6bc90000 - 0x00007ffe6bcab000 	C:\Program Files\Java\jdk-23\bin\VCRUNTIME140.dll
0x00007ffe5ff90000 - 0x00007ffe5ffa7000 	C:\Program Files\Java\jdk-23\bin\jli.dll
0x00007ffe86530000 - 0x00007ffe866f5000 	C:\WINDOWS\System32\USER32.dll
0x00007ffe6abc0000 - 0x00007ffe6ae53000 	C:\WINDOWS\WinSxS\amd64_microsoft.windows.common-controls_6595b64144ccf1df_6.0.26100.7309_none_3e05feeae336a044\COMCTL32.dll
0x00007ffe83f50000 - 0x00007ffe83f77000 	C:\WINDOWS\System32\win32u.dll
0x00007ffe869b0000 - 0x00007ffe86a59000 	C:\WINDOWS\System32\msvcrt.dll
0x00007ffe86700000 - 0x00007ffe8672b000 	C:\WINDOWS\System32\GDI32.dll
0x00007ffe83cb0000 - 0x00007ffe83ddc000 	C:\WINDOWS\System32\gdi32full.dll
0x00007ffe844d0000 - 0x00007ffe84573000 	C:\WINDOWS\System32\msvcp_win.dll
0x00007ffe84ff0000 - 0x00007ffe85021000 	C:\WINDOWS\System32\IMM32.DLL
0x00007ffe74790000 - 0x00007ffe7479c000 	C:\Program Files\Java\jdk-23\bin\vcruntime140_1.dll
0x00007ffe2eb20000 - 0x00007ffe2ebae000 	C:\Program Files\Java\jdk-23\bin\msvcp140.dll
0x00007ffe10790000 - 0x00007ffe114e0000 	C:\Program Files\Java\jdk-23\bin\server\jvm.dll
0x00007ffe86a60000 - 0x00007ffe86b14000 	C:\WINDOWS\System32\ADVAPI32.dll
0x00007ffe85aa0000 - 0x00007ffe85b46000 	C:\WINDOWS\System32\sechost.dll
0x00007ffe85030000 - 0x00007ffe85148000 	C:\WINDOWS\System32\RPCRT4.dll
0x00007ffe84f70000 - 0x00007ffe84fe4000 	C:\WINDOWS\System32\WS2_32.dll
0x00007ffe83b10000 - 0x00007ffe83b6e000 	C:\WINDOWS\SYSTEM32\POWRPROF.dll
0x00007ffe7bf20000 - 0x00007ffe7bf2b000 	C:\WINDOWS\SYSTEM32\VERSION.dll
0x00007ffe7a450000 - 0x00007ffe7a485000 	C:\WINDOWS\SYSTEM32\WINMM.dll
0x00007ffe83af0000 - 0x00007ffe83b04000 	C:\WINDOWS\SYSTEM32\UMPDC.dll
0x00007ffe82a60000 - 0x00007ffe82a7b000 	C:\WINDOWS\SYSTEM32\kernel.appcore.dll
0x00007ffe70a30000 - 0x00007ffe70a3a000 	C:\Program Files\Java\jdk-23\bin\jimage.dll
0x00007ffe81200000 - 0x00007ffe81442000 	C:\WINDOWS\SYSTEM32\DBGHELP.DLL
0x00007ffe84b60000 - 0x00007ffe84ee5000 	C:\WINDOWS\System32\combase.dll
0x00007ffe86420000 - 0x00007ffe864f6000 	C:\WINDOWS\System32\OLEAUT32.dll
0x00007ffe74a30000 - 0x00007ffe74a6c000 	C:\WINDOWS\SYSTEM32\dbgcore.DLL
0x00007ffe84850000 - 0x00007ffe848f5000 	C:\WINDOWS\System32\bcryptPrimitives.dll
0x00007ffe5ff70000 - 0x00007ffe5ff8e000 	C:\Program Files\Java\jdk-23\bin\java.dll
0x00007ffe85b50000 - 0x00007ffe85ce7000 	C:\WINDOWS\System32\ole32.dll
0x00007ffe85240000 - 0x00007ffe85993000 	C:\WINDOWS\System32\SHELL32.dll
0x00007ffe83de0000 - 0x00007ffe83f4a000 	C:\WINDOWS\System32\wintypes.dll

dbghelp: loaded successfully - version: 4.0.5 - missing functions: none
symbol engine: initialized successfully - sym options: 0x614 - pdb path: .;C:\Program Files\Java\jdk-23\bin;C:\WINDOWS\SYSTEM32;C:\Program Files\Avast Software\Avast;C:\WINDOWS\WinSxS\amd64_microsoft.windows.common-controls_6595b64144ccf1df_6.0.26100.7309_none_3e05feeae336a044;C:\Program Files\Java\jdk-23\bin\server

VM Arguments:
jvm_args: -Dfile.encoding=UTF-8 -Ddb2.jcc.charsetDecoderEncoder=3 
java_command: com.ibm.db2.server.DssLauncher 3000 off c:\Users\bao67\AppData\Roaming\Code\logs\20251224T153425\window1\exthost\IBM.db2forzosdeveloperextension -Xmx256M
java_class_path (initial): c:\Users\bao67\.vscode\extensions\ibm.db2forzosdeveloperextension-2.2.4\dist\dss-dist-1-SNAPSHOT.jar;;c:\Users\bao67\.vscode\extensions\ibm.db2forzosdeveloperextension-2.2.4\lib\db2jcc4.jar;c:\Users\bao67\.vscode\extensions\ibm.db2forzosdeveloperextension-2.2.4\lib\sqlj4.zip
Launcher Type: SUN_STANDARD

[Global flags]
     intx CICompilerCount                          = 12                                        {product} {ergonomic}
     uint ConcGCThreads                            = 3                                         {product} {ergonomic}
     uint G1ConcRefinementThreads                  = 13                                        {product} {ergonomic}
   size_t G1HeapRegionSize                         = 2097152                                   {product} {ergonomic}
   size_t InitialHeapSize                          = 257949696                                 {product} {ergonomic}
   size_t MarkStackSize                            = 4194304                                   {product} {ergonomic}
   size_t MarkStackSizeMax                         = 536870912                                 {product} {ergonomic}
   size_t MaxHeapSize                              = 4097835008                                {product} {ergonomic}
   size_t MinHeapDeltaBytes                        = 2097152                                   {product} {ergonomic}
   size_t MinHeapSize                              = 8388608                                   {product} {ergonomic}
    uintx NonNMethodCodeHeapSize                   = 7602176                                {pd product} {ergonomic}
    uintx NonProfiledCodeHeapSize                  = 122093568                              {pd product} {ergonomic}
    uintx ProfiledCodeHeapSize                     = 121962496                              {pd product} {ergonomic}
    uintx ReservedCodeCacheSize                    = 251658240                              {pd product} {ergonomic}
     bool SegmentedCodeCache                       = true                                      {product} {ergonomic}
   size_t SoftMaxHeapSize                          = 4097835008                             {manageable} {ergonomic}
     bool UseCompressedOops                        = true                           {product lp64_product} {ergonomic}
     bool UseG1GC                                  = true                                      {product} {ergonomic}
     bool UseLargePagesIndividualAllocation        = false                                  {pd product} {ergonomic}

Logging:
Log output configuration:
 #0: stdout all=warning uptime,level,tags foldmultilines=false
 #1: stderr all=off uptime,level,tags foldmultilines=false

Environment Variables:
PATH=C:\watcom-1.3\binnt;C:\watcom-1.3\binw;C:\Ruby34-x64\bin;C:\Program Files\Common Files\Oracle\Java\javapath;C:\WINDOWS\system32;C:\WINDOWS;C:\WINDOWS\System32\Wbem;C:\WINDOWS\System32\WindowsPowerShell\v1.0\;C:\WINDOWS\System32\OpenSSH\;C:\Program Files\dotnet\;C:\Program Files (x86)\Windows Kits\10\Windows Performance Toolkit\;C:\Users\bao67\AppData\Local\Programs\Python\Python313;C:\Users\bao67\AppData\Local\Programs\Python\Python313\Scripts;C:\Program Files (x86)\Microsoft SQL Server\160\Tools\Binn\;C:\Program Files\Microsoft SQL Server\160\Tools\Binn\;C:\Program Files\Microsoft SQL Server\Client SDK\ODBC\170\Tools\Binn\;C:\Program Files\Microsoft SQL Server\160\DTS\Binn\;C:\Program Files (x86)\Microsoft SQL Server\160\DTS\Binn\;C:\PROGRA~2\PICC;C:\Program Files (x86)\PICC;C:\Program Files\nodejs\;C:\ProgramData\chocolatey\bin;C:\Users\bao67\AppData\Local\Programs\Python\Launcher\;C:\Users\bao67\AppData\Local\Microsoft\WindowsApps;C:\Users\bao67\AppData\Local\Programs\Microsoft VS Code\bin;C:\Users\bao67\.dotnet\tools;D:\SDLgame\SDL2-2.30.10\lib\x;C:\Users\bao67\AppData\Roaming\npm;C:\Users\bao67\.npm-global\bin;C:\Program Files\MySQL\MySQL Server 8.0\bin;C:\Program Files\Docker\Docker\resources\bin;C:\Program Files\Git\cmd;C:\Program Files\Cloudflare\Cloudflare WARP\;C:\WINDOWS\system32;C:\WINDOWS;C:\WINDOWS\System32\Wbem;C:\WINDOWS\System32\WindowsPowerShell\v1.0\;C:\WINDOWS\System32\OpenSSH\;C:\Program Files\cursor\resources\app\bin;D:\ana;D:\ana\Library\mingw-w64\bin;D:\ana\Library\usr\bin;D:\ana\Library\bin;D:\ana\Scripts;C:\Users\bao67\miniconda3;C:\Users\bao67\miniconda3\Library\mingw-w64\bin;C:\Users\bao67\miniconda3\Library\usr\bin;C:\Users\bao67\miniconda3\Library\bin;C:\Users\bao67\miniconda3\Scripts;c:\Users\bao67\AppData\Local\Programs\cursor\resources\app\codeBin;C:\Program Files\Common Files\Oracle\Java\javapath;C:\WINDOWS\system32;C:\WINDOWS;C:\WINDOWS\System32\Wbem;C:\WINDOWS\System32\WindowsPowerShell\v1.0\;C:\WINDOWS\System32\OpenSSH\;C:\Program Files\dotnet\;C:\Program Files (x86)\Windows Kits\10\Windows Performance Toolkit\;C:\Users\bao67\AppData\Local\Programs\Python\Python313;C:\Users\bao67\AppData\Local\Programs\Python\Python313\Scripts;C:\Program Files\Git\cmd;C:\Program Files (x86)\Microsoft SQL Server\160\Tools\Binn\;C:\Program Files\Microsoft SQL Server\160\Tools\Binn\;C:\Program Files\Microsoft SQL Server\Client SDK\ODBC\170\Tools\Binn\;C:\Program Files\Microsoft SQL Server\160\DTS\Binn\;C:\Program Files (x86)\Microsoft SQL Server\160\DTS\Binn\;C:\PROGRA~2\PICC;C:\Program Files (x86)\PICC;C:\Program Files\Cloudflare\Cloudflare WARP\;C:\Users\bao67\AppData\Local\Programs\Python\Launcher\;C:\Users\bao67\AppData\Local\Microsoft\WindowsApps;C:\Users\bao67\AppData\Local\Programs\Microsoft VS Code\bin;C:\Users\bao67\.dotnet\tools;D:\SDLgame\SDL2-2.30.10\lib\x;C:\Users\bao67\AppData\Roaming\npm;C:\Users\bao67\.npm-global\bin;C:\Users\bao67\AppData\Local\Programs\Windsurf\bin;C:\Users\bao67\AppData\Local\Microsoft\WindowsApps;
USERNAME=bao67
OS=Windows_NT
PROCESSOR_IDENTIFIER=AMD64 Family 25 Model 68 Stepping 1, AuthenticAMD
TMP=C:\Users\bao67\AppData\Local\Temp
TEMP=C:\Users\bao67\AppData\Local\Temp




Periodic native trim disabled

---------------  S Y S T E M  ---------------

OS:
 Windows 11 , 64 bit Build 26100 (10.0.26100.7309)
OS uptime: 0 days 23:02 hours
Hyper-V role detected

CPU: total 16 (initial active 16) (16 cores per cpu, 2 threads per core) family 25 model 68 stepping 1 microcode 0xa404102, cx8, cmov, fxsr, ht, mmx, 3dnowpref, sse, sse2, sse3, ssse3, sse4a, sse4.1, sse4.2, popcnt, lzcnt, tsc, tscinvbit, avx, avx2, aes, erms, clmul, bmi1, bmi2, adx, sha, fma, vzeroupper, clflush, clflushopt, hv, rdtscp, rdpid, fsrm, f16c, cet_ss
Processor Information for the first 16 processors :
  Max Mhz: 3201, Current Mhz: 3201, Mhz Limit: 3201

Memory: 4k page, system-wide physical 15628M (1340M free)
TotalPageFile size 28166M (AvailPageFile size 260M)
current process WorkingSet (physical memory assigned to process): 14M, peak: 14M
current process commit charge ("private bytes"): 318M, peak: 321M

vm_info: Java HotSpot(TM) 64-Bit Server VM (23.0.2+7-58) for windows-amd64 JRE (23.0.2+7-58), built on 2024-11-29T09:34:55Z with MS VC++ 17.6 (VS2022)

END.
