#
# There is insufficient memory for the Java Runtime Environment to continue.
# Native memory allocation (malloc) failed to allocate 37328 bytes. Error detail: Chunk::new
# Possible reasons:
#   The system is out of physical RAM or swap space
#   This process is running with CompressedOops enabled, and the Java Heap may be blocking the growth of the native heap
# Possible solutions:
#   Reduce memory load on the system
#   Increase physical memory or swap space
#   Check if swap backing store is full
#   Decrease Java heap size (-Xmx/-Xms)
#   Decrease number of Java threads
#   Decrease Java thread stack sizes (-Xss)
#   Set larger code cache with -XX:ReservedCodeCacheSize=
#   JVM is running with Zero Based Compressed Oops mode in which the Java heap is
#     placed in the first 32GB address space. The Java Heap base address is the
#     maximum limit for the native heap growth. Please use -XX:HeapBaseMinAddress
#     to set the Java Heap base and to place the Java Heap above 32GB virtual address.
# This output file may be truncated or incomplete.
#
#  Out of Memory Error (arena.cpp:149), pid=16756, tid=25144
#
# JRE version: Java(TM) SE Runtime Environment (23.0.2+7) (build 23.0.2+7-58)
# Java VM: Java HotSpot(TM) 64-Bit Server VM (23.0.2+7-58, mixed mode, sharing, tiered, compressed oops, compressed class ptrs, g1 gc, windows-amd64)
# No core dump will be written. Minidumps are not enabled by default on client versions of Windows
#

---------------  S U M M A R Y ------------

Command Line: -Dfile.encoding=UTF-8 -Ddb2.jcc.charsetDecoderEncoder=3 com.ibm.db2.server.DssLauncher 3000 off c:\Users\bao67\AppData\Roaming\Code\logs\20251224T153425\window1\exthost\IBM.db2forzosdeveloperextension -Xmx256M

Host: AMD Ryzen 7 6800HS with Radeon Graphics         , 16 cores, 15G,  Windows 11 , 64 bit Build 26100 (10.0.26100.7309)
Time: Wed Dec 24 15:34:35 2025 SE Asia Standard Time elapsed time: 0.226800 seconds (0d 0h 0m 0s)

---------------  T H R E A D  ---------------

Current thread (0x000001f19a461e30):  JavaThread "C2 CompilerThread1" daemon [_thread_in_native, id=25144, stack(0x0000008531b00000,0x0000008531c00000) (1024K)]


Current CompileTask:
C2:227  182       4       java.util.zip.ZipFile$Source::isMetaName (141 bytes)

Stack: [0x0000008531b00000,0x0000008531c00000]
Native frames: (J=compiled Java code, j=interpreted, Vv=VM code, C=native code)
V  [jvm.dll+0x6e0b99]  (no source info available)
V  [jvm.dll+0x87e2b3]  (no source info available)
V  [jvm.dll+0x88073e]  (no source info available)
V  [jvm.dll+0x880e13]  (no source info available)
V  [jvm.dll+0x27b006]  (no source info available)
V  [jvm.dll+0xbc06f]  (no source info available)
V  [jvm.dll+0xbc2cb]  (no source info available)
V  [jvm.dll+0x3b3c5c]  (no source info available)
V  [jvm.dll+0x38a55b]  (no source info available)
V  [jvm.dll+0x3899ca]  (no source info available)
V  [jvm.dll+0x244ba1]  (no source info available)
V  [jvm.dll+0x243eff]  (no source info available)
V  [jvm.dll+0x1c34b0]  (no source info available)
V  [jvm.dll+0x253df1]  (no source info available)
V  [jvm.dll+0x2520aa]  (no source info available)
V  [jvm.dll+0x3ee226]  (no source info available)
V  [jvm.dll+0x8254cb]  (no source info available)
V  [jvm.dll+0x6df345]  (no source info available)
C  [ucrtbase.dll+0x37b0]  (no source info available)
C  [KERNEL32.DLL+0x2e8d7]  (no source info available)
C  [ntdll.dll+0x8c53c]  (no source info available)

Lock stack of current Java thread (top to bottom):


---------------  P R O C E S S  ---------------

Threads class SMR info:
_java_thread_list=0x000001f19a452010, length=15, elements={
0x000001f1f8126000, 0x000001f19a1f5070, 0x000001f19a1f8ee0, 0x000001f19a1fbe10,
0x000001f19a1fce20, 0x000001f19a1fd880, 0x000001f19a1fe2e0, 0x000001f19a1ff070,
0x000001f19a202d10, 0x000001f19a346fd0, 0x000001f19a387b20, 0x000001f19a38ebf0,
0x000001f19a461e30, 0x000001f19a48b690, 0x000001f19a51ee70
}

Java Threads: ( => current thread )
  0x000001f1f8126000 JavaThread "main"                              [_thread_in_Java, id=15340, stack(0x0000008530800000,0x0000008530900000) (1024K)]
  0x000001f19a1f5070 JavaThread "Reference Handler"          daemon [_thread_blocked, id=14812, stack(0x0000008531000000,0x0000008531100000) (1024K)]
  0x000001f19a1f8ee0 JavaThread "Finalizer"                  daemon [_thread_blocked, id=26664, stack(0x0000008531100000,0x0000008531200000) (1024K)]
  0x000001f19a1fbe10 JavaThread "Signal Dispatcher"          daemon [_thread_blocked, id=34388, stack(0x0000008531200000,0x0000008531300000) (1024K)]
  0x000001f19a1fce20 JavaThread "Attach Listener"            daemon [_thread_blocked, id=28100, stack(0x0000008531300000,0x0000008531400000) (1024K)]
  0x000001f19a1fd880 JavaThread "Service Thread"             daemon [_thread_blocked, id=14792, stack(0x0000008531400000,0x0000008531500000) (1024K)]
  0x000001f19a1fe2e0 JavaThread "Monitor Deflation Thread"   daemon [_thread_blocked, id=35236, stack(0x0000008531500000,0x0000008531600000) (1024K)]
  0x000001f19a1ff070 JavaThread "C2 CompilerThread0"         daemon [_thread_in_native, id=34876, stack(0x0000008531600000,0x0000008531700000) (1024K)]
  0x000001f19a202d10 JavaThread "C1 CompilerThread0"         daemon [_thread_blocked, id=23252, stack(0x0000008531700000,0x0000008531800000) (1024K)]
  0x000001f19a346fd0 JavaThread "C1 CompilerThread1"         daemon [_thread_blocked, id=17312, stack(0x0000008531800000,0x0000008531900000) (1024K)]
  0x000001f19a387b20 JavaThread "Notification Thread"        daemon [_thread_blocked, id=28780, stack(0x0000008531900000,0x0000008531a00000) (1024K)]
  0x000001f19a38ebf0 JavaThread "Common-Cleaner"             daemon [_thread_blocked, id=27336, stack(0x0000008531a00000,0x0000008531b00000) (1024K)]
=>0x000001f19a461e30 JavaThread "C2 CompilerThread1"         daemon [_thread_in_native, id=25144, stack(0x0000008531b00000,0x0000008531c00000) (1024K)]
  0x000001f19a48b690 JavaThread "C1 CompilerThread2"         daemon [_thread_blocked, id=408, stack(0x0000008531c00000,0x0000008531d00000) (1024K)]
  0x000001f19a51ee70 JavaThread "C1 CompilerThread3"         daemon [_thread_blocked, id=22480, stack(0x0000008531d00000,0x0000008531e00000) (1024K)]
Total: 15

Other Threads:
  0x000001f19a1daaf0 VMThread "VM Thread"                           [id=20204, stack(0x0000008530f00000,0x0000008531000000) (1024K)]
  0x000001f19a1c22f0 WatcherThread "VM Periodic Task Thread"        [id=30076, stack(0x0000008530e00000,0x0000008530f00000) (1024K)]
  0x000001f1fa50a470 WorkerThread "GC Thread#0"                     [id=34152, stack(0x0000008530900000,0x0000008530a00000) (1024K)]
  0x000001f1fa51e690 ConcurrentGCThread "G1 Main Marker"            [id=3968, stack(0x0000008530a00000,0x0000008530b00000) (1024K)]
  0x000001f1fa5220c0 WorkerThread "G1 Conc#0"                       [id=32932, stack(0x0000008530b00000,0x0000008530c00000) (1024K)]
  0x000001f19a090be0 ConcurrentGCThread "G1 Refine#0"               [id=4424, stack(0x0000008530c00000,0x0000008530d00000) (1024K)]
  0x000001f19a0925e0 ConcurrentGCThread "G1 Service"                [id=19584, stack(0x0000008530d00000,0x0000008530e00000) (1024K)]
Total: 7

Threads with active compile tasks:
C2 CompilerThread0  340  477       4       sun.util.locale.BaseLocale::hashCode (169 bytes)
C1 CompilerThread0  340  491       1       java.util.ArrayList::size (5 bytes)
C2 CompilerThread1  340  182       4       java.util.zip.ZipFile$Source::isMetaName (141 bytes)
Total: 3

VM state: not at safepoint (normal execution)

VM Mutex/Monitor currently owned by a thread: None

Heap address: 0x000000070bc00000, size: 3908 MB, Compressed Oops mode: Zero based, Oop shift amount: 3

CDS archive(s) mapped at: [0x000001f19b000000-0x000001f19bd70000-0x000001f19bd70000), size 14090240, SharedBaseAddress: 0x000001f19b000000, ArchiveRelocationMode: 1.
Compressed class space mapped at: 0x000001f19c000000-0x000001f1dc000000, reserved size: 1073741824
Narrow klass base: 0x000001f19b000000, Narrow klass shift: 0, Narrow klass range: 0x41000000

GC Precious Log:
 CardTable entry size: 512
 Card Set container configuration: InlinePtr #cards 4 size 8 Array Of Cards #cards 16 size 48 Howl #buckets 8 coarsen threshold 3686 Howl Bitmap #cards 512 size 80 coarsen threshold 460 Card regions per heap region 1 cards per card region 4096
 CPUs: 16 total, 16 available
 Memory: 15628M
 Large Page Support: Disabled
 NUMA Support: Disabled
 Compressed Oops: Enabled (Zero based)
 Heap Region Size: 2M
 Heap Min Capacity: 8M
 Heap Initial Capacity: 246M
 Heap Max Capacity: 3908M
 Pre-touch: Disabled
 Parallel Workers: 13
 Concurrent Workers: 3
 Concurrent Refinement Workers: 13
 Periodic GC: Disabled

Heap:
 garbage-first heap   total reserved 4001792K, committed 251904K, used 6144K [0x000000070bc00000, 0x0000000800000000)
  region size 2048K, 4 young (8192K), 0 survivors (0K)
 Metaspace       used 1038K, committed 1152K, reserved 1114112K
  class space    used 93K, committed 128K, reserved 1048576K

Heap Regions: E=young(eden), S=young(survivor), O=old, HS=humongous(starts), HC=humongous(continues), CS=collection set, F=free, TAMS=top-at-mark-start, PB=parsable bottom
|   0|0x000000070bc00000, 0x000000070bc00000, 0x000000070be00000|  0%| F|  |TAMS 0x000000070bc00000| PB 0x000000070bc00000| Untracked |  0
|   1|0x000000070be00000, 0x000000070be00000, 0x000000070c000000|  0%| F|  |TAMS 0x000000070be00000| PB 0x000000070be00000| Untracked |  0
|   2|0x000000070c000000, 0x000000070c000000, 0x000000070c200000|  0%| F|  |TAMS 0x000000070c000000| PB 0x000000070c000000| Untracked |  0
|   3|0x000000070c200000, 0x000000070c200000, 0x000000070c400000|  0%| F|  |TAMS 0x000000070c200000| PB 0x000000070c200000| Untracked |  0
|   4|0x000000070c400000, 0x000000070c400000, 0x000000070c600000|  0%| F|  |TAMS 0x000000070c400000| PB 0x000000070c400000| Untracked |  0
|   5|0x000000070c600000, 0x000000070c600000, 0x000000070c800000|  0%| F|  |TAMS 0x000000070c600000| PB 0x000000070c600000| Untracked |  0
|   6|0x000000070c800000, 0x000000070c800000, 0x000000070ca00000|  0%| F|  |TAMS 0x000000070c800000| PB 0x000000070c800000| Untracked |  0
|   7|0x000000070ca00000, 0x000000070ca00000, 0x000000070cc00000|  0%| F|  |TAMS 0x000000070ca00000| PB 0x000000070ca00000| Untracked |  0
|   8|0x000000070cc00000, 0x000000070cc00000, 0x000000070ce00000|  0%| F|  |TAMS 0x000000070cc00000| PB 0x000000070cc00000| Untracked |  0
|   9|0x000000070ce00000, 0x000000070ce00000, 0x000000070d000000|  0%| F|  |TAMS 0x000000070ce00000| PB 0x000000070ce00000| Untracked |  0
|  10|0x000000070d000000, 0x000000070d000000, 0x000000070d200000|  0%| F|  |TAMS 0x000000070d000000| PB 0x000000070d000000| Untracked |  0
|  11|0x000000070d200000, 0x000000070d200000, 0x000000070d400000|  0%| F|  |TAMS 0x000000070d200000| PB 0x000000070d200000| Untracked |  0
|  12|0x000000070d400000, 0x000000070d400000, 0x000000070d600000|  0%| F|  |TAMS 0x000000070d400000| PB 0x000000070d400000| Untracked |  0
|  13|0x000000070d600000, 0x000000070d600000, 0x000000070d800000|  0%| F|  |TAMS 0x000000070d600000| PB 0x000000070d600000| Untracked |  0
|  14|0x000000070d800000, 0x000000070d800000, 0x000000070da00000|  0%| F|  |TAMS 0x000000070d800000| PB 0x000000070d800000| Untracked |  0
|  15|0x000000070da00000, 0x000000070da00000, 0x000000070dc00000|  0%| F|  |TAMS 0x000000070da00000| PB 0x000000070da00000| Untracked |  0
|  16|0x000000070dc00000, 0x000000070dc00000, 0x000000070de00000|  0%| F|  |TAMS 0x000000070dc00000| PB 0x000000070dc00000| Untracked |  0
|  17|0x000000070de00000, 0x000000070de00000, 0x000000070e000000|  0%| F|  |TAMS 0x000000070de00000| PB 0x000000070de00000| Untracked |  0
|  18|0x000000070e000000, 0x000000070e000000, 0x000000070e200000|  0%| F|  |TAMS 0x000000070e000000| PB 0x000000070e000000| Untracked |  0
|  19|0x000000070e200000, 0x000000070e200000, 0x000000070e400000|  0%| F|  |TAMS 0x000000070e200000| PB 0x000000070e200000| Untracked |  0
|  20|0x000000070e400000, 0x000000070e400000, 0x000000070e600000|  0%| F|  |TAMS 0x000000070e400000| PB 0x000000070e400000| Untracked |  0
|  21|0x000000070e600000, 0x000000070e600000, 0x000000070e800000|  0%| F|  |TAMS 0x000000070e600000| PB 0x000000070e600000| Untracked |  0
|  22|0x000000070e800000, 0x000000070e800000, 0x000000070ea00000|  0%| F|  |TAMS 0x000000070e800000| PB 0x000000070e800000| Untracked |  0
|  23|0x000000070ea00000, 0x000000070ea00000, 0x000000070ec00000|  0%| F|  |TAMS 0x000000070ea00000| PB 0x000000070ea00000| Untracked |  0
|  24|0x000000070ec00000, 0x000000070ec00000, 0x000000070ee00000|  0%| F|  |TAMS 0x000000070ec00000| PB 0x000000070ec00000| Untracked |  0
|  25|0x000000070ee00000, 0x000000070ee00000, 0x000000070f000000|  0%| F|  |TAMS 0x000000070ee00000| PB 0x000000070ee00000| Untracked |  0
|  26|0x000000070f000000, 0x000000070f000000, 0x000000070f200000|  0%| F|  |TAMS 0x000000070f000000| PB 0x000000070f000000| Untracked |  0
|  27|0x000000070f200000, 0x000000070f200000, 0x000000070f400000|  0%| F|  |TAMS 0x000000070f200000| PB 0x000000070f200000| Untracked |  0
|  28|0x000000070f400000, 0x000000070f400000, 0x000000070f600000|  0%| F|  |TAMS 0x000000070f400000| PB 0x000000070f400000| Untracked |  0
|  29|0x000000070f600000, 0x000000070f600000, 0x000000070f800000|  0%| F|  |TAMS 0x000000070f600000| PB 0x000000070f600000| Untracked |  0
|  30|0x000000070f800000, 0x000000070f800000, 0x000000070fa00000|  0%| F|  |TAMS 0x000000070f800000| PB 0x000000070f800000| Untracked |  0
|  31|0x000000070fa00000, 0x000000070fa00000, 0x000000070fc00000|  0%| F|  |TAMS 0x000000070fa00000| PB 0x000000070fa00000| Untracked |  0
|  32|0x000000070fc00000, 0x000000070fc00000, 0x000000070fe00000|  0%| F|  |TAMS 0x000000070fc00000| PB 0x000000070fc00000| Untracked |  0
|  33|0x000000070fe00000, 0x000000070fe00000, 0x0000000710000000|  0%| F|  |TAMS 0x000000070fe00000| PB 0x000000070fe00000| Untracked |  0
|  34|0x0000000710000000, 0x0000000710000000, 0x0000000710200000|  0%| F|  |TAMS 0x0000000710000000| PB 0x0000000710000000| Untracked |  0
|  35|0x0000000710200000, 0x0000000710200000, 0x0000000710400000|  0%| F|  |TAMS 0x0000000710200000| PB 0x0000000710200000| Untracked |  0
|  36|0x0000000710400000, 0x0000000710400000, 0x0000000710600000|  0%| F|  |TAMS 0x0000000710400000| PB 0x0000000710400000| Untracked |  0
|  37|0x0000000710600000, 0x0000000710600000, 0x0000000710800000|  0%| F|  |TAMS 0x0000000710600000| PB 0x0000000710600000| Untracked |  0
|  38|0x0000000710800000, 0x0000000710800000, 0x0000000710a00000|  0%| F|  |TAMS 0x0000000710800000| PB 0x0000000710800000| Untracked |  0
|  39|0x0000000710a00000, 0x0000000710a00000, 0x0000000710c00000|  0%| F|  |TAMS 0x0000000710a00000| PB 0x0000000710a00000| Untracked |  0
|  40|0x0000000710c00000, 0x0000000710c00000, 0x0000000710e00000|  0%| F|  |TAMS 0x0000000710c00000| PB 0x0000000710c00000| Untracked |  0
|  41|0x0000000710e00000, 0x0000000710e00000, 0x0000000711000000|  0%| F|  |TAMS 0x0000000710e00000| PB 0x0000000710e00000| Untracked |  0
|  42|0x0000000711000000, 0x0000000711000000, 0x0000000711200000|  0%| F|  |TAMS 0x0000000711000000| PB 0x0000000711000000| Untracked |  0
|  43|0x0000000711200000, 0x0000000711200000, 0x0000000711400000|  0%| F|  |TAMS 0x0000000711200000| PB 0x0000000711200000| Untracked |  0
|  44|0x0000000711400000, 0x0000000711400000, 0x0000000711600000|  0%| F|  |TAMS 0x0000000711400000| PB 0x0000000711400000| Untracked |  0
|  45|0x0000000711600000, 0x0000000711600000, 0x0000000711800000|  0%| F|  |TAMS 0x0000000711600000| PB 0x0000000711600000| Untracked |  0
|  46|0x0000000711800000, 0x0000000711800000, 0x0000000711a00000|  0%| F|  |TAMS 0x0000000711800000| PB 0x0000000711800000| Untracked |  0
|  47|0x0000000711a00000, 0x0000000711a00000, 0x0000000711c00000|  0%| F|  |TAMS 0x0000000711a00000| PB 0x0000000711a00000| Untracked |  0
|  48|0x0000000711c00000, 0x0000000711c00000, 0x0000000711e00000|  0%| F|  |TAMS 0x0000000711c00000| PB 0x0000000711c00000| Untracked |  0
|  49|0x0000000711e00000, 0x0000000711e00000, 0x0000000712000000|  0%| F|  |TAMS 0x0000000711e00000| PB 0x0000000711e00000| Untracked |  0
|  50|0x0000000712000000, 0x0000000712000000, 0x0000000712200000|  0%| F|  |TAMS 0x0000000712000000| PB 0x0000000712000000| Untracked |  0
|  51|0x0000000712200000, 0x0000000712200000, 0x0000000712400000|  0%| F|  |TAMS 0x0000000712200000| PB 0x0000000712200000| Untracked |  0
|  52|0x0000000712400000, 0x0000000712400000, 0x0000000712600000|  0%| F|  |TAMS 0x0000000712400000| PB 0x0000000712400000| Untracked |  0
|  53|0x0000000712600000, 0x0000000712600000, 0x0000000712800000|  0%| F|  |TAMS 0x0000000712600000| PB 0x0000000712600000| Untracked |  0
|  54|0x0000000712800000, 0x0000000712800000, 0x0000000712a00000|  0%| F|  |TAMS 0x0000000712800000| PB 0x0000000712800000| Untracked |  0
|  55|0x0000000712a00000, 0x0000000712a00000, 0x0000000712c00000|  0%| F|  |TAMS 0x0000000712a00000| PB 0x0000000712a00000| Untracked |  0
|  56|0x0000000712c00000, 0x0000000712c00000, 0x0000000712e00000|  0%| F|  |TAMS 0x0000000712c00000| PB 0x0000000712c00000| Untracked |  0
|  57|0x0000000712e00000, 0x0000000712e00000, 0x0000000713000000|  0%| F|  |TAMS 0x0000000712e00000| PB 0x0000000712e00000| Untracked |  0
|  58|0x0000000713000000, 0x0000000713000000, 0x0000000713200000|  0%| F|  |TAMS 0x0000000713000000| PB 0x0000000713000000| Untracked |  0
|  59|0x0000000713200000, 0x0000000713200000, 0x0000000713400000|  0%| F|  |TAMS 0x0000000713200000| PB 0x0000000713200000| Untracked |  0
|  60|0x0000000713400000, 0x0000000713400000, 0x0000000713600000|  0%| F|  |TAMS 0x0000000713400000| PB 0x0000000713400000| Untracked |  0
|  61|0x0000000713600000, 0x0000000713600000, 0x0000000713800000|  0%| F|  |TAMS 0x0000000713600000| PB 0x0000000713600000| Untracked |  0
|  62|0x0000000713800000, 0x0000000713800000, 0x0000000713a00000|  0%| F|  |TAMS 0x0000000713800000| PB 0x0000000713800000| Untracked |  0
|  63|0x0000000713a00000, 0x0000000713a00000, 0x0000000713c00000|  0%| F|  |TAMS 0x0000000713a00000| PB 0x0000000713a00000| Untracked |  0
|  64|0x0000000713c00000, 0x0000000713c00000, 0x0000000713e00000|  0%| F|  |TAMS 0x0000000713c00000| PB 0x0000000713c00000| Untracked |  0
|  65|0x0000000713e00000, 0x0000000713e00000, 0x0000000714000000|  0%| F|  |TAMS 0x0000000713e00000| PB 0x0000000713e00000| Untracked |  0
|  66|0x0000000714000000, 0x0000000714000000, 0x0000000714200000|  0%| F|  |TAMS 0x0000000714000000| PB 0x0000000714000000| Untracked |  0
|  67|0x0000000714200000, 0x0000000714200000, 0x0000000714400000|  0%| F|  |TAMS 0x0000000714200000| PB 0x0000000714200000| Untracked |  0
|  68|0x0000000714400000, 0x0000000714400000, 0x0000000714600000|  0%| F|  |TAMS 0x0000000714400000| PB 0x0000000714400000| Untracked |  0
|  69|0x0000000714600000, 0x0000000714600000, 0x0000000714800000|  0%| F|  |TAMS 0x0000000714600000| PB 0x0000000714600000| Untracked |  0
|  70|0x0000000714800000, 0x0000000714800000, 0x0000000714a00000|  0%| F|  |TAMS 0x0000000714800000| PB 0x0000000714800000| Untracked |  0
|  71|0x0000000714a00000, 0x0000000714a00000, 0x0000000714c00000|  0%| F|  |TAMS 0x0000000714a00000| PB 0x0000000714a00000| Untracked |  0
|  72|0x0000000714c00000, 0x0000000714c00000, 0x0000000714e00000|  0%| F|  |TAMS 0x0000000714c00000| PB 0x0000000714c00000| Untracked |  0
|  73|0x0000000714e00000, 0x0000000714e00000, 0x0000000715000000|  0%| F|  |TAMS 0x0000000714e00000| PB 0x0000000714e00000| Untracked |  0
|  74|0x0000000715000000, 0x0000000715000000, 0x0000000715200000|  0%| F|  |TAMS 0x0000000715000000| PB 0x0000000715000000| Untracked |  0
|  75|0x0000000715200000, 0x0000000715200000, 0x0000000715400000|  0%| F|  |TAMS 0x0000000715200000| PB 0x0000000715200000| Untracked |  0
|  76|0x0000000715400000, 0x0000000715400000, 0x0000000715600000|  0%| F|  |TAMS 0x0000000715400000| PB 0x0000000715400000| Untracked |  0
|  77|0x0000000715600000, 0x0000000715600000, 0x0000000715800000|  0%| F|  |TAMS 0x0000000715600000| PB 0x0000000715600000| Untracked |  0
|  78|0x0000000715800000, 0x0000000715800000, 0x0000000715a00000|  0%| F|  |TAMS 0x0000000715800000| PB 0x0000000715800000| Untracked |  0
|  79|0x0000000715a00000, 0x0000000715a00000, 0x0000000715c00000|  0%| F|  |TAMS 0x0000000715a00000| PB 0x0000000715a00000| Untracked |  0
|  80|0x0000000715c00000, 0x0000000715c00000, 0x0000000715e00000|  0%| F|  |TAMS 0x0000000715c00000| PB 0x0000000715c00000| Untracked |  0
|  81|0x0000000715e00000, 0x0000000715e00000, 0x0000000716000000|  0%| F|  |TAMS 0x0000000715e00000| PB 0x0000000715e00000| Untracked |  0
|  82|0x0000000716000000, 0x0000000716000000, 0x0000000716200000|  0%| F|  |TAMS 0x0000000716000000| PB 0x0000000716000000| Untracked |  0
|  83|0x0000000716200000, 0x0000000716200000, 0x0000000716400000|  0%| F|  |TAMS 0x0000000716200000| PB 0x0000000716200000| Untracked |  0
|  84|0x0000000716400000, 0x0000000716400000, 0x0000000716600000|  0%| F|  |TAMS 0x0000000716400000| PB 0x0000000716400000| Untracked |  0
|  85|0x0000000716600000, 0x0000000716600000, 0x0000000716800000|  0%| F|  |TAMS 0x0000000716600000| PB 0x0000000716600000| Untracked |  0
|  86|0x0000000716800000, 0x0000000716800000, 0x0000000716a00000|  0%| F|  |TAMS 0x0000000716800000| PB 0x0000000716800000| Untracked |  0
|  87|0x0000000716a00000, 0x0000000716a00000, 0x0000000716c00000|  0%| F|  |TAMS 0x0000000716a00000| PB 0x0000000716a00000| Untracked |  0
|  88|0x0000000716c00000, 0x0000000716c00000, 0x0000000716e00000|  0%| F|  |TAMS 0x0000000716c00000| PB 0x0000000716c00000| Untracked |  0
|  89|0x0000000716e00000, 0x0000000716e00000, 0x0000000717000000|  0%| F|  |TAMS 0x0000000716e00000| PB 0x0000000716e00000| Untracked |  0
|  90|0x0000000717000000, 0x0000000717000000, 0x0000000717200000|  0%| F|  |TAMS 0x0000000717000000| PB 0x0000000717000000| Untracked |  0
|  91|0x0000000717200000, 0x0000000717200000, 0x0000000717400000|  0%| F|  |TAMS 0x0000000717200000| PB 0x0000000717200000| Untracked |  0
|  92|0x0000000717400000, 0x0000000717400000, 0x0000000717600000|  0%| F|  |TAMS 0x0000000717400000| PB 0x0000000717400000| Untracked |  0
|  93|0x0000000717600000, 0x0000000717600000, 0x0000000717800000|  0%| F|  |TAMS 0x0000000717600000| PB 0x0000000717600000| Untracked |  0
|  94|0x0000000717800000, 0x0000000717800000, 0x0000000717a00000|  0%| F|  |TAMS 0x0000000717800000| PB 0x0000000717800000| Untracked |  0
|  95|0x0000000717a00000, 0x0000000717a00000, 0x0000000717c00000|  0%| F|  |TAMS 0x0000000717a00000| PB 0x0000000717a00000| Untracked |  0
|  96|0x0000000717c00000, 0x0000000717c00000, 0x0000000717e00000|  0%| F|  |TAMS 0x0000000717c00000| PB 0x0000000717c00000| Untracked |  0
|  97|0x0000000717e00000, 0x0000000717e00000, 0x0000000718000000|  0%| F|  |TAMS 0x0000000717e00000| PB 0x0000000717e00000| Untracked |  0
|  98|0x0000000718000000, 0x0000000718000000, 0x0000000718200000|  0%| F|  |TAMS 0x0000000718000000| PB 0x0000000718000000| Untracked |  0
|  99|0x0000000718200000, 0x0000000718200000, 0x0000000718400000|  0%| F|  |TAMS 0x0000000718200000| PB 0x0000000718200000| Untracked |  0
| 100|0x0000000718400000, 0x0000000718400000, 0x0000000718600000|  0%| F|  |TAMS 0x0000000718400000| PB 0x0000000718400000| Untracked |  0
| 101|0x0000000718600000, 0x0000000718600000, 0x0000000718800000|  0%| F|  |TAMS 0x0000000718600000| PB 0x0000000718600000| Untracked |  0
| 102|0x0000000718800000, 0x0000000718800000, 0x0000000718a00000|  0%| F|  |TAMS 0x0000000718800000| PB 0x0000000718800000| Untracked |  0
| 103|0x0000000718a00000, 0x0000000718a00000, 0x0000000718c00000|  0%| F|  |TAMS 0x0000000718a00000| PB 0x0000000718a00000| Untracked |  0
| 104|0x0000000718c00000, 0x0000000718c00000, 0x0000000718e00000|  0%| F|  |TAMS 0x0000000718c00000| PB 0x0000000718c00000| Untracked |  0
| 105|0x0000000718e00000, 0x0000000718e00000, 0x0000000719000000|  0%| F|  |TAMS 0x0000000718e00000| PB 0x0000000718e00000| Untracked |  0
| 106|0x0000000719000000, 0x0000000719000000, 0x0000000719200000|  0%| F|  |TAMS 0x0000000719000000| PB 0x0000000719000000| Untracked |  0
| 107|0x0000000719200000, 0x0000000719200000, 0x0000000719400000|  0%| F|  |TAMS 0x0000000719200000| PB 0x0000000719200000| Untracked |  0
| 108|0x0000000719400000, 0x0000000719400000, 0x0000000719600000|  0%| F|  |TAMS 0x0000000719400000| PB 0x0000000719400000| Untracked |  0
| 109|0x0000000719600000, 0x0000000719600000, 0x0000000719800000|  0%| F|  |TAMS 0x0000000719600000| PB 0x0000000719600000| Untracked |  0
| 110|0x0000000719800000, 0x0000000719800000, 0x0000000719a00000|  0%| F|  |TAMS 0x0000000719800000| PB 0x0000000719800000| Untracked |  0
| 111|0x0000000719a00000, 0x0000000719a00000, 0x0000000719c00000|  0%| F|  |TAMS 0x0000000719a00000| PB 0x0000000719a00000| Untracked |  0
| 112|0x0000000719c00000, 0x0000000719c00000, 0x0000000719e00000|  0%| F|  |TAMS 0x0000000719c00000| PB 0x0000000719c00000| Untracked |  0
| 113|0x0000000719e00000, 0x0000000719e00000, 0x000000071a000000|  0%| F|  |TAMS 0x0000000719e00000| PB 0x0000000719e00000| Untracked |  0
| 114|0x000000071a000000, 0x000000071a000000, 0x000000071a200000|  0%| F|  |TAMS 0x000000071a000000| PB 0x000000071a000000| Untracked |  0
| 115|0x000000071a200000, 0x000000071a200000, 0x000000071a400000|  0%| F|  |TAMS 0x000000071a200000| PB 0x000000071a200000| Untracked |  0
| 116|0x000000071a400000, 0x000000071a400000, 0x000000071a600000|  0%| F|  |TAMS 0x000000071a400000| PB 0x000000071a400000| Untracked |  0
| 117|0x000000071a600000, 0x000000071a600000, 0x000000071a800000|  0%| F|  |TAMS 0x000000071a600000| PB 0x000000071a600000| Untracked |  0
| 118|0x000000071a800000, 0x000000071a800000, 0x000000071aa00000|  0%| F|  |TAMS 0x000000071a800000| PB 0x000000071a800000| Untracked |  0
| 119|0x000000071aa00000, 0x000000071aaf5c50, 0x000000071ac00000| 48%| E|  |TAMS 0x000000071aa00000| PB 0x000000071aa00000| Complete |  0
| 120|0x000000071ac00000, 0x000000071ae00000, 0x000000071ae00000|100%| E|CS|TAMS 0x000000071ac00000| PB 0x000000071ac00000| Complete |  0
| 121|0x000000071ae00000, 0x000000071b000000, 0x000000071b000000|100%| E|CS|TAMS 0x000000071ae00000| PB 0x000000071ae00000| Complete |  0
| 122|0x000000071b000000, 0x000000071b200000, 0x000000071b200000|100%| E|CS|TAMS 0x000000071b000000| PB 0x000000071b000000| Complete |  0

Card table byte_map: [0x000001f1fb5a0000,0x000001f1fbd50000] _byte_map_base: 0x000001f1f7d42000

Marking Bits: (CMBitMap*) 0x000001f1fa50ab80
 Bits: [0x000001f1fbd50000, 0x000001f1ffa60000)

Polling page: 0x000001f1f82b0000

Metaspace:

Usage:
  Non-class:    978.48 KB used.
      Class:     93.60 KB used.
       Both:      1.05 MB used.

Virtual space:
  Non-class space:       64.00 MB reserved,       1.00 MB (  2%) committed,  1 nodes.
      Class space:        1.00 GB reserved,     128.00 KB ( <1%) committed,  1 nodes.
             Both:        1.06 GB reserved,       1.12 MB ( <1%) committed. 

Chunk freelists:
   Non-Class:  11.76 MB
       Class:  15.70 MB
        Both:  27.46 MB

MaxMetaspaceSize: unlimited
CompressedClassSpaceSize: 1.00 GB
Initial GC threshold: 21.00 MB
Current GC threshold: 21.00 MB
CDS: on
 - commit_granule_bytes: 65536.
 - commit_granule_words: 8192.
 - virtual_space_node_default_size: 8388608.
 - enlarge_chunks_in_place: 1.
 - use_allocation_guard: 0.


Internal statistics:

num_allocs_failed_limit: 0.
num_arena_births: 12.
num_arena_deaths: 0.
num_vsnodes_births: 2.
num_vsnodes_deaths: 0.
num_space_committed: 18.
num_space_uncommitted: 0.
num_chunks_returned_to_freelist: 0.
num_chunks_taken_from_freelist: 34.
num_chunk_merges: 0.
num_chunk_splits: 20.
num_chunks_enlarged: 10.
num_inconsistent_stats: 0.

CodeHeap 'non-profiled nmethods': size=119232Kb used=120Kb max_used=120Kb free=119112Kb
 bounds [0x000001f190210000, 0x000001f190480000, 0x000001f197680000]
CodeHeap 'profiled nmethods': size=119104Kb used=584Kb max_used=584Kb free=118520Kb
 bounds [0x000001f188680000, 0x000001f1888f0000, 0x000001f18fad0000]
CodeHeap 'non-nmethods': size=7424Kb used=2999Kb max_used=3013Kb free=4425Kb
 bounds [0x000001f18fad0000, 0x000001f18fdd0000, 0x000001f190210000]
CodeCache: size=245760Kb, used=3703Kb, max_used=3717Kb, free=242057Kb
 total_blobs=921, nmethods=491, adapters=333, full_count=0
Compilation: enabled, stopped_count=0, restarted_count=0

Compilation events (20 events):
Event: 0.208 Thread 0x000001f19a202d10  174       1       java.nio.Buffer::limit (5 bytes)
Event: 0.208 Thread 0x000001f19a202d10 nmethod 174 0x000001f19021ae88 code [0x000001f19021afa0, 0x000001f19021b068]
Event: 0.210 Thread 0x000001f19a202d10  175       3       java.lang.String::checkBoundsBeginEnd (11 bytes)
Event: 0.210 Thread 0x000001f19a346fd0  176       3       java.io.WinNTFileSystem::isSlash (18 bytes)
Event: 0.210 Thread 0x000001f19a202d10 nmethod 175 0x000001f1886a7f88 code [0x000001f1886a80c0, 0x000001f1886a82e8]
Event: 0.210 Thread 0x000001f19a346fd0 nmethod 176 0x000001f1886a8308 code [0x000001f1886a8420, 0x000001f1886a85a8]
Event: 0.210 Thread 0x000001f19a346fd0  177       3       sun.nio.fs.WindowsPathParser::isSlash (18 bytes)
Event: 0.210 Thread 0x000001f19a346fd0 nmethod 177 0x000001f1886a8608 code [0x000001f1886a8720, 0x000001f1886a8888]
Event: 0.219 Thread 0x000001f19a1ff070  179   !   4       java.util.zip.ZipFile$Source::checkAndAddEntry (359 bytes)
Event: 0.220 Thread 0x000001f19a202d10  184       3       java.lang.CharacterDataLatin1::toLowerCase (44 bytes)
Event: 0.220 Thread 0x000001f19a346fd0  185       3       jdk.internal.misc.Unsafe::toUnsignedLong (7 bytes)
Event: 0.220 Thread 0x000001f19a346fd0 nmethod 185 0x000001f1886a8908 code [0x000001f1886a8a20, 0x000001f1886a8b20]
Event: 0.220 Thread 0x000001f19a202d10 nmethod 184 0x000001f1886a8c08 code [0x000001f1886a8d40, 0x000001f1886a8f90]
Event: 0.221 Thread 0x000001f19a461e30  180       4       java.util.zip.ZipFile$Source::zipCoderForPos (39 bytes)
Event: 0.221 Thread 0x000001f19a461e30 nmethod 180 0x000001f19021b508 code [0x000001f19021b600, 0x000001f19021b6c0]
Event: 0.221 Thread 0x000001f19a461e30  181       4       java.util.zip.ZipCoder$UTF8ZipCoder::checkedHash (78 bytes)
Event: 0.223 Thread 0x000001f19a461e30 nmethod 181 0x000001f19021b808 code [0x000001f19021b940, 0x000001f19021bd80]
Event: 0.223 Thread 0x000001f19a461e30  182       4       java.util.zip.ZipFile$Source::isMetaName (141 bytes)
Event: 0.223 Thread 0x000001f19a202d10  186       3       sun.nio.fs.WindowsPathParser::isInvalidPathChar (22 bytes)
Event: 0.223 Thread 0x000001f19a202d10 nmethod 186 0x000001f1886a9008 code [0x000001f1886a9140, 0x000001f1886a92e8]

GC Heap History (0 events):
No events

Dll operation events (6 events):
Event: 0.015 Loaded shared library C:\Program Files\Java\jdk-23\bin\java.dll
Event: 0.056 Loaded shared library C:\Program Files\Java\jdk-23\bin\jsvml.dll
Event: 0.104 Loaded shared library C:\Program Files\Java\jdk-23\bin\net.dll
Event: 0.121 Loaded shared library C:\Program Files\Java\jdk-23\bin\nio.dll
Event: 0.153 Loaded shared library C:\Program Files\Java\jdk-23\bin\zip.dll
Event: 0.202 Loaded shared library C:\Program Files\Java\jdk-23\bin\jimage.dll

Deoptimization events (4 events):
Event: 0.177 Thread 0x000001f1f8126000 Uncommon trap: trap_request=0xffffff45 fr.pc=0x000001f190215874 relative=0x0000000000000234
Event: 0.177 Thread 0x000001f1f8126000 Uncommon trap: reason=unstable_if action=reinterpret pc=0x000001f190215874 method=jdk.internal.util.ArraysSupport.hashCodeOfUnsigned([BIII)I @ 1 c2
Event: 0.177 Thread 0x000001f1f8126000 DEOPT PACKING pc=0x000001f190215874 sp=0x00000085308fca20
Event: 0.177 Thread 0x000001f1f8126000 DEOPT UNPACKING pc=0x000001f18fb24402 sp=0x00000085308fc9a0 mode 2

Classes loaded (20 events):
Event: 0.163 Loading class java/io/IOException
Event: 0.164 Loading class java/io/IOException done
Event: 0.164 Loading class java/net/SocketException done
Event: 0.164 Loading class java/net/BindException done
Event: 0.167 Loading class java/lang/IllegalStateException
Event: 0.167 Loading class java/lang/IllegalStateException done
Event: 0.168 Loading class java/lang/CloneNotSupportedException
Event: 0.169 Loading class java/lang/CloneNotSupportedException done
Event: 0.192 Loading class java/lang/ThreadLocal$SuppliedThreadLocal
Event: 0.192 Loading class java/lang/ThreadLocal$SuppliedThreadLocal done
Event: 0.194 Loading class java/lang/SecurityException
Event: 0.194 Loading class java/lang/SecurityException done
Event: 0.208 Loading class jdk/internal/loader/URLClassPath$FileLoader
Event: 0.208 Loading class jdk/internal/loader/URLClassPath$FileLoader done
Event: 0.221 Loading class java/util/StringTokenizer
Event: 0.222 Loading class java/util/StringTokenizer done
Event: 0.222 Loading class java/io/FileNotFoundException
Event: 0.222 Loading class java/io/FileNotFoundException done
Event: 0.222 Loading class java/security/PrivilegedActionException
Event: 0.223 Loading class java/security/PrivilegedActionException done

Classes unloaded (0 events):
No events

Classes redefined (0 events):
No events

Internal exceptions (0 events):
No events

VM Operations (2 events):
Event: 0.155 Executing VM operation: HandshakeAllThreads (Deoptimize)
Event: 0.155 Executing VM operation: HandshakeAllThreads (Deoptimize) done

Memory protections (0 events):
No events

Nmethod flushes (0 events):
No events

Events (13 events):
Event: 0.033 Thread 0x000001f1f8126000 Thread added: 0x000001f1f8126000
Event: 0.053 Thread 0x000001f1f8126000 Thread added: 0x000001f19a1f5070
Event: 0.053 Thread 0x000001f1f8126000 Thread added: 0x000001f19a1f8ee0
Event: 0.054 Thread 0x000001f1f8126000 Thread added: 0x000001f19a1fbe10
Event: 0.054 Thread 0x000001f1f8126000 Thread added: 0x000001f19a1fce20
Event: 0.054 Thread 0x000001f1f8126000 Thread added: 0x000001f19a1fd880
Event: 0.054 Thread 0x000001f1f8126000 Thread added: 0x000001f19a1fe2e0
Event: 0.054 Thread 0x000001f1f8126000 Thread added: 0x000001f19a1ff070
Event: 0.054 Thread 0x000001f1f8126000 Thread added: 0x000001f19a202d10
Event: 0.082 Thread 0x000001f19a202d10 Thread added: 0x000001f19a346fd0
Event: 0.086 Thread 0x000001f1f8126000 Thread added: 0x000001f19a387b20
Event: 0.090 Thread 0x000001f1f8126000 Thread added: 0x000001f19a38ebf0
Event: 0.220 Thread 0x000001f19a346fd0 Thread added: 0x000001f19a461e30


Dynamic libraries:
0x00007ff6ddab0000 - 0x00007ff6ddac0000 	C:\Program Files\Java\jdk-23\bin\java.exe
0x00007ffe86b60000 - 0x00007ffe86dc7000 	C:\WINDOWS\SYSTEM32\ntdll.dll
0x00007ffe74820000 - 0x00007ffe74840000 	C:\Program Files\Avast Software\Avast\aswhook.dll
0x00007ffe85cf0000 - 0x00007ffe85db9000 	C:\WINDOWS\System32\KERNEL32.DLL
0x00007ffe83f80000 - 0x00007ffe8436f000 	C:\WINDOWS\System32\KERNELBASE.dll
0x00007ffe84580000 - 0x00007ffe846cb000 	C:\WINDOWS\System32\ucrtbase.dll
0x00007ffe4f3a0000 - 0x00007ffe4f3b7000 	C:\Program Files\Java\jdk-23\bin\jli.dll
0x00007ffe86530000 - 0x00007ffe866f5000 	C:\WINDOWS\System32\USER32.dll
0x00007ffe83f50000 - 0x00007ffe83f77000 	C:\WINDOWS\System32\win32u.dll
0x00007ffe4e8d0000 - 0x00007ffe4e8eb000 	C:\Program Files\Java\jdk-23\bin\VCRUNTIME140.dll
0x00007ffe86700000 - 0x00007ffe8672b000 	C:\WINDOWS\System32\GDI32.dll
0x00007ffe83cb0000 - 0x00007ffe83ddc000 	C:\WINDOWS\System32\gdi32full.dll
0x00007ffe844d0000 - 0x00007ffe84573000 	C:\WINDOWS\System32\msvcp_win.dll
0x00007ffe6abc0000 - 0x00007ffe6ae53000 	C:\WINDOWS\WinSxS\amd64_microsoft.windows.common-controls_6595b64144ccf1df_6.0.26100.7309_none_3e05feeae336a044\COMCTL32.dll
0x00007ffe869b0000 - 0x00007ffe86a59000 	C:\WINDOWS\System32\msvcrt.dll
0x00007ffe84ff0000 - 0x00007ffe85021000 	C:\WINDOWS\System32\IMM32.DLL
0x00007ffe74790000 - 0x00007ffe7479c000 	C:\Program Files\Java\jdk-23\bin\vcruntime140_1.dll
0x00007ffe2dd10000 - 0x00007ffe2dd9e000 	C:\Program Files\Java\jdk-23\bin\msvcp140.dll
0x00007ffe10790000 - 0x00007ffe114e0000 	C:\Program Files\Java\jdk-23\bin\server\jvm.dll
0x00007ffe86a60000 - 0x00007ffe86b14000 	C:\WINDOWS\System32\ADVAPI32.dll
0x00007ffe85aa0000 - 0x00007ffe85b46000 	C:\WINDOWS\System32\sechost.dll
0x00007ffe85030000 - 0x00007ffe85148000 	C:\WINDOWS\System32\RPCRT4.dll
0x00007ffe84f70000 - 0x00007ffe84fe4000 	C:\WINDOWS\System32\WS2_32.dll
0x00007ffe83b10000 - 0x00007ffe83b6e000 	C:\WINDOWS\SYSTEM32\POWRPROF.dll
0x00007ffe7a450000 - 0x00007ffe7a485000 	C:\WINDOWS\SYSTEM32\WINMM.dll
0x00007ffe7bf20000 - 0x00007ffe7bf2b000 	C:\WINDOWS\SYSTEM32\VERSION.dll
0x00007ffe83af0000 - 0x00007ffe83b04000 	C:\WINDOWS\SYSTEM32\UMPDC.dll
0x00007ffe82a60000 - 0x00007ffe82a7b000 	C:\WINDOWS\SYSTEM32\kernel.appcore.dll
0x00007ffe70140000 - 0x00007ffe7014a000 	C:\Program Files\Java\jdk-23\bin\jimage.dll
0x00007ffe81200000 - 0x00007ffe81442000 	C:\WINDOWS\SYSTEM32\DBGHELP.DLL
0x00007ffe84b60000 - 0x00007ffe84ee5000 	C:\WINDOWS\System32\combase.dll
0x00007ffe86420000 - 0x00007ffe864f6000 	C:\WINDOWS\System32\OLEAUT32.dll
0x00007ffe74a30000 - 0x00007ffe74a6c000 	C:\WINDOWS\SYSTEM32\dbgcore.DLL
0x00007ffe84850000 - 0x00007ffe848f5000 	C:\WINDOWS\System32\bcryptPrimitives.dll
0x00007ffe4dee0000 - 0x00007ffe4defe000 	C:\Program Files\Java\jdk-23\bin\java.dll
0x00007ffe85b50000 - 0x00007ffe85ce7000 	C:\WINDOWS\System32\ole32.dll
0x00007ffe85240000 - 0x00007ffe85993000 	C:\WINDOWS\System32\SHELL32.dll
0x00007ffe83de0000 - 0x00007ffe83f4a000 	C:\WINDOWS\System32\wintypes.dll
0x00007ffe81880000 - 0x00007ffe820de000 	C:\WINDOWS\SYSTEM32\windows.storage.dll
0x00007ffe86320000 - 0x00007ffe86415000 	C:\WINDOWS\System32\SHCORE.dll
0x00007ffe851b0000 - 0x00007ffe85216000 	C:\WINDOWS\System32\shlwapi.dll
0x00007ffe83bd0000 - 0x00007ffe83bf9000 	C:\WINDOWS\SYSTEM32\profapi.dll
0x00007ffe28600000 - 0x00007ffe286d7000 	C:\Program Files\Java\jdk-23\bin\jsvml.dll
0x00007ffe6c9d0000 - 0x00007ffe6c9e0000 	C:\Program Files\Java\jdk-23\bin\net.dll
0x00007ffe82fd0000 - 0x00007ffe8303b000 	C:\WINDOWS\system32\mswsock.dll
0x00007ffe5ff00000 - 0x00007ffe5ff16000 	C:\Program Files\Java\jdk-23\bin\nio.dll
0x00007ffe50a60000 - 0x00007ffe50a77000 	C:\Program Files\Java\jdk-23\bin\zip.dll

dbghelp: loaded successfully - version: 4.0.5 - missing functions: none
symbol engine: initialized successfully - sym options: 0x614 - pdb path: .;C:\Program Files\Java\jdk-23\bin;C:\WINDOWS\SYSTEM32;C:\Program Files\Avast Software\Avast;C:\WINDOWS\WinSxS\amd64_microsoft.windows.common-controls_6595b64144ccf1df_6.0.26100.7309_none_3e05feeae336a044;C:\Program Files\Java\jdk-23\bin\server

VM Arguments:
jvm_args: -Dfile.encoding=UTF-8 -Ddb2.jcc.charsetDecoderEncoder=3 
java_command: com.ibm.db2.server.DssLauncher 3000 off c:\Users\bao67\AppData\Roaming\Code\logs\20251224T153425\window1\exthost\IBM.db2forzosdeveloperextension -Xmx256M
java_class_path (initial): c:\Users\bao67\.vscode\extensions\ibm.db2forzosdeveloperextension-2.2.4\dist\dss-dist-1-SNAPSHOT.jar;;c:\Users\bao67\.vscode\extensions\ibm.db2forzosdeveloperextension-2.2.4\lib\db2jcc4.jar;c:\Users\bao67\.vscode\extensions\ibm.db2forzosdeveloperextension-2.2.4\lib\sqlj4.zip
Launcher Type: SUN_STANDARD

[Global flags]
     intx CICompilerCount                          = 12                                        {product} {ergonomic}
     uint ConcGCThreads                            = 3                                         {product} {ergonomic}
     uint G1ConcRefinementThreads                  = 13                                        {product} {ergonomic}
   size_t G1HeapRegionSize                         = 2097152                                   {product} {ergonomic}
   size_t InitialHeapSize                          = 257949696                                 {product} {ergonomic}
   size_t MarkStackSize                            = 4194304                                   {product} {ergonomic}
   size_t MarkStackSizeMax                         = 536870912                                 {product} {ergonomic}
   size_t MaxHeapSize                              = 4097835008                                {product} {ergonomic}
   size_t MaxNewSize                               = 2457862144                                {product} {ergonomic}
   size_t MinHeapDeltaBytes                        = 2097152                                   {product} {ergonomic}
   size_t MinHeapSize                              = 8388608                                   {product} {ergonomic}
    uintx NonNMethodCodeHeapSize                   = 7602176                                {pd product} {ergonomic}
    uintx NonProfiledCodeHeapSize                  = 122093568                              {pd product} {ergonomic}
    uintx ProfiledCodeHeapSize                     = 121962496                              {pd product} {ergonomic}
    uintx ReservedCodeCacheSize                    = 251658240                              {pd product} {ergonomic}
     bool SegmentedCodeCache                       = true                                      {product} {ergonomic}
   size_t SoftMaxHeapSize                          = 4097835008                             {manageable} {ergonomic}
     bool UseCompressedOops                        = true                           {product lp64_product} {ergonomic}
     bool UseG1GC                                  = true                                      {product} {ergonomic}
     bool UseLargePagesIndividualAllocation        = false                                  {pd product} {ergonomic}

Logging:
Log output configuration:
 #0: stdout all=warning uptime,level,tags foldmultilines=false
 #1: stderr all=off uptime,level,tags foldmultilines=false

Environment Variables:
PATH=C:\watcom-1.3\binnt;C:\watcom-1.3\binw;C:\Ruby34-x64\bin;C:\Program Files\Common Files\Oracle\Java\javapath;C:\WINDOWS\system32;C:\WINDOWS;C:\WINDOWS\System32\Wbem;C:\WINDOWS\System32\WindowsPowerShell\v1.0\;C:\WINDOWS\System32\OpenSSH\;C:\Program Files\dotnet\;C:\Program Files (x86)\Windows Kits\10\Windows Performance Toolkit\;C:\Users\bao67\AppData\Local\Programs\Python\Python313;C:\Users\bao67\AppData\Local\Programs\Python\Python313\Scripts;C:\Program Files (x86)\Microsoft SQL Server\160\Tools\Binn\;C:\Program Files\Microsoft SQL Server\160\Tools\Binn\;C:\Program Files\Microsoft SQL Server\Client SDK\ODBC\170\Tools\Binn\;C:\Program Files\Microsoft SQL Server\160\DTS\Binn\;C:\Program Files (x86)\Microsoft SQL Server\160\DTS\Binn\;C:\PROGRA~2\PICC;C:\Program Files (x86)\PICC;C:\Program Files\nodejs\;C:\ProgramData\chocolatey\bin;C:\Users\bao67\AppData\Local\Programs\Python\Launcher\;C:\Users\bao67\AppData\Local\Microsoft\WindowsApps;C:\Users\bao67\AppData\Local\Programs\Microsoft VS Code\bin;C:\Users\bao67\.dotnet\tools;D:\SDLgame\SDL2-2.30.10\lib\x;C:\Users\bao67\AppData\Roaming\npm;C:\Users\bao67\.npm-global\bin;C:\Program Files\MySQL\MySQL Server 8.0\bin;C:\Program Files\Docker\Docker\resources\bin;C:\Program Files\Git\cmd;C:\Program Files\Cloudflare\Cloudflare WARP\;C:\WINDOWS\system32;C:\WINDOWS;C:\WINDOWS\System32\Wbem;C:\WINDOWS\System32\WindowsPowerShell\v1.0\;C:\WINDOWS\System32\OpenSSH\;C:\Program Files\cursor\resources\app\bin;D:\ana;D:\ana\Library\mingw-w64\bin;D:\ana\Library\usr\bin;D:\ana\Library\bin;D:\ana\Scripts;C:\Users\bao67\miniconda3;C:\Users\bao67\miniconda3\Library\mingw-w64\bin;C:\Users\bao67\miniconda3\Library\usr\bin;C:\Users\bao67\miniconda3\Library\bin;C:\Users\bao67\miniconda3\Scripts;c:\Users\bao67\AppData\Local\Programs\cursor\resources\app\codeBin;C:\Program Files\Common Files\Oracle\Java\javapath;C:\WINDOWS\system32;C:\WINDOWS;C:\WINDOWS\System32\Wbem;C:\WINDOWS\System32\WindowsPowerShell\v1.0\;C:\WINDOWS\System32\OpenSSH\;C:\Program Files\dotnet\;C:\Program Files (x86)\Windows Kits\10\Windows Performance Toolkit\;C:\Users\bao67\AppData\Local\Programs\Python\Python313;C:\Users\bao67\AppData\Local\Programs\Python\Python313\Scripts;C:\Program Files\Git\cmd;C:\Program Files (x86)\Microsoft SQL Server\160\Tools\Binn\;C:\Program Files\Microsoft SQL Server\160\Tools\Binn\;C:\Program Files\Microsoft SQL Server\Client SDK\ODBC\170\Tools\Binn\;C:\Program Files\Microsoft SQL Server\160\DTS\Binn\;C:\Program Files (x86)\Microsoft SQL Server\160\DTS\Binn\;C:\PROGRA~2\PICC;C:\Program Files (x86)\PICC;C:\Program Files\Cloudflare\Cloudflare WARP\;C:\Users\bao67\AppData\Local\Programs\Python\Launcher\;C:\Users\bao67\AppData\Local\Microsoft\WindowsApps;C:\Users\bao67\AppData\Local\Programs\Microsoft VS Code\bin;C:\Users\bao67\.dotnet\tools;D:\SDLgame\SDL2-2.30.10\lib\x;C:\Users\bao67\AppData\Roaming\npm;C:\Users\bao67\.npm-global\bin;C:\Users\bao67\AppData\Local\Programs\Windsurf\bin;C:\Users\bao67\AppData\Local\Microsoft\WindowsApps;
USERNAME=bao67
OS=Windows_NT
PROCESSOR_IDENTIFIER=AMD64 Family 25 Model 68 Stepping 1, AuthenticAMD
TMP=C:\Users\bao67\AppData\Local\Temp
TEMP=C:\Users\bao67\AppData\Local\Temp




Periodic native trim disabled

---------------  S Y S T E M  ---------------

OS:
 Windows 11 , 64 bit Build 26100 (10.0.26100.7309)
OS uptime: 0 days 23:02 hours
Hyper-V role detected

CPU: total 16 (initial active 16) (16 cores per cpu, 2 threads per core) family 25 model 68 stepping 1 microcode 0xa404102, cx8, cmov, fxsr, ht, mmx, 3dnowpref, sse, sse2, sse3, ssse3, sse4a, sse4.1, sse4.2, popcnt, lzcnt, tsc, tscinvbit, avx, avx2, aes, erms, clmul, bmi1, bmi2, adx, sha, fma, vzeroupper, clflush, clflushopt, hv, rdtscp, rdpid, fsrm, f16c, cet_ss
Processor Information for the first 16 processors :
  Max Mhz: 3201, Current Mhz: 3201, Mhz Limit: 3201

Memory: 4k page, system-wide physical 15628M (1523M free)
TotalPageFile size 28170M (AvailPageFile size 36M)
current process WorkingSet (physical memory assigned to process): 49M, peak: 49M
current process commit charge ("private bytes"): 345M, peak: 345M

vm_info: Java HotSpot(TM) 64-Bit Server VM (23.0.2+7-58) for windows-amd64 JRE (23.0.2+7-58), built on 2024-11-29T09:34:55Z with MS VC++ 17.6 (VS2022)

END.
