#
# There is insufficient memory for the Java Runtime Environment to continue.
# Native memory allocation (mmap) failed to map 257949696 bytes. Error detail: G1 virtual space
# Possible reasons:
#   The system is out of physical RAM or swap space
#   This process is running with CompressedOops enabled, and the Java Heap may be blocking the growth of the native heap
# Possible solutions:
#   Reduce memory load on the system
#   Increase physical memory or swap space
#   Check if swap backing store is full
#   Decrease Java heap size (-Xmx/-Xms)
#   Decrease number of Java threads
#   Decrease Java thread stack sizes (-Xss)
#   Set larger code cache with -XX:ReservedCodeCacheSize=
#   JVM is running with Zero Based Compressed Oops mode in which the Java heap is
#     placed in the first 32GB address space. The Java Heap base address is the
#     maximum limit for the native heap growth. Please use -XX:HeapBaseMinAddress
#     to set the Java Heap base and to place the Java Heap above 32GB virtual address.
# This output file may be truncated or incomplete.
#
#  Out of Memory Error (os_windows.cpp:3707), pid=26000, tid=26824
#
# JRE version:  (23.0.2+7) (build )
# Java VM: Java HotSpot(TM) 64-Bit Server VM (23.0.2+7-58, mixed mode, sharing, tiered, compressed oops, compressed class ptrs, g1 gc, windows-amd64)
# No core dump will be written. Minidumps are not enabled by default on client versions of Windows
#

---------------  S U M M A R Y ------------

Command Line: 

Host: AMD Ryzen 7 6800HS with Radeon Graphics         , 16 cores, 15G,  Windows 11 , 64 bit Build 26100 (10.0.26100.7309)
Time: Sat Jan 10 06:57:04 2026 SE Asia Standard Time elapsed time: 0.020788 seconds (0d 0h 0m 0s)

---------------  T H R E A D  ---------------

Current thread (0x000001efabfd76a0):  JavaThread "Unknown thread" [_thread_in_vm, id=26824, stack(0x000000ae38800000,0x000000ae38900000) (1024K)]

Stack: [0x000000ae38800000,0x000000ae38900000]
Native frames: (J=compiled Java code, j=interpreted, Vv=VM code, C=native code)
V  [jvm.dll+0x6e0b99]  (no source info available)
V  [jvm.dll+0x87e2b3]  (no source info available)
V  [jvm.dll+0x88073e]  (no source info available)
V  [jvm.dll+0x880e13]  (no source info available)
V  [jvm.dll+0x27b006]  (no source info available)
V  [jvm.dll+0x6dd485]  (no source info available)
V  [jvm.dll+0x6d127a]  (no source info available)
V  [jvm.dll+0x35b50a]  (no source info available)
V  [jvm.dll+0x363916]  (no source info available)
V  [jvm.dll+0x34fe7e]  (no source info available)
V  [jvm.dll+0x350118]  (no source info available)
V  [jvm.dll+0x328aec]  (no source info available)
V  [jvm.dll+0x32978e]  (no source info available)
V  [jvm.dll+0x8449a5]  (no source info available)
V  [jvm.dll+0x3b9a08]  (no source info available)
V  [jvm.dll+0x82d68c]  (no source info available)
V  [jvm.dll+0x454f2e]  (no source info available)
V  [jvm.dll+0x456db1]  (no source info available)
C  [jli.dll+0x52a3]  (no source info available)
C  [ucrtbase.dll+0x37b0]  (no source info available)
C  [KERNEL32.DLL+0x2e8d7]  (no source info available)
C  [ntdll.dll+0x8c53c]  (no source info available)

Lock stack of current Java thread (top to bottom):


---------------  P R O C E S S  ---------------

Threads class SMR info:
_java_thread_list=0x00007ffce4a54618, length=0, elements={
}

Java Threads: ( => current thread )
Total: 0

Other Threads:
  0x000001efae4bb5f0 WorkerThread "GC Thread#0"                     [id=24976, stack(0x000000ae38900000,0x000000ae38a00000) (1024K)]
  0x000001efae4cf790 ConcurrentGCThread "G1 Main Marker"            [id=33528, stack(0x000000ae38a00000,0x000000ae38b00000) (1024K)]
  0x000001efae4d41b0 WorkerThread "G1 Conc#0"                       [id=14568, stack(0x000000ae38b00000,0x000000ae38c00000) (1024K)]

[error occurred during error reporting (printing all threads), id 0xc0000005, EXCEPTION_ACCESS_VIOLATION (0xc0000005) at pc=0x00007ffce419c0da]
VM state: not at safepoint (not fully initialized)

VM Mutex/Monitor currently owned by a thread:  ([mutex/lock_event])
[0x00007ffce4ad4988] Heap_lock - owner thread: 0x000001efabfd76a0

Heap address: 0x000000070bc00000, size: 3908 MB, Compressed Oops mode: Zero based, Oop shift amount: 3

CDS archive(s) mapped at: [0x0000000000000000-0x0000000000000000-0x0000000000000000), size 0, SharedBaseAddress: 0x0000000800000000, ArchiveRelocationMode: 1.
Narrow klass base: 0x0000000000000000, Narrow klass shift: 0, Narrow klass range: 0x0

GC Precious Log:
 CardTable entry size: 512
 Card Set container configuration: InlinePtr #cards 4 size 8 Array Of Cards #cards 16 size 48 Howl #buckets 8 coarsen threshold 3686 Howl Bitmap #cards 512 size 80 coarsen threshold 460 Card regions per heap region 1 cards per card region 4096

Heap:
 garbage-first heap   total reserved 4001792K, committed 0K, used 0K [0x000000070bc00000, 0x0000000800000000)
  region size 2048K, 0 young (0K), 0 survivors (0K)

[error occurred during error reporting (printing heap information), id 0xc0000005, EXCEPTION_ACCESS_VIOLATION (0xc0000005) at pc=0x00007ffce459c6a9]
GC Heap History (0 events):
No events

Dll operation events (1 events):
Event: 0.009 Loaded shared library C:\Program Files\Java\jdk-23\bin\java.dll

Deoptimization events (0 events):
No events

Classes loaded (0 events):
No events

Classes unloaded (0 events):
No events

Classes redefined (0 events):
No events

Internal exceptions (0 events):
No events

VM Operations (0 events):
No events

Memory protections (0 events):
No events

Nmethod flushes (0 events):
No events

Events (0 events):
No events


Dynamic libraries:
0x00007ff7b9f40000 - 0x00007ff7b9f50000 	C:\Program Files\Java\jdk-23\bin\java.exe
0x00007ffe03280000 - 0x00007ffe034e7000 	C:\WINDOWS\SYSTEM32\ntdll.dll
0x00007ffdd73c0000 - 0x00007ffdd73e0000 	C:\Program Files\Avast Software\Avast\aswhook.dll
0x00007ffe01f20000 - 0x00007ffe01fe9000 	C:\WINDOWS\System32\KERNEL32.DLL
0x00007ffe00a00000 - 0x00007ffe00def000 	C:\WINDOWS\System32\KERNELBASE.dll
0x00007ffe008b0000 - 0x00007ffe009fb000 	C:\WINDOWS\System32\ucrtbase.dll
0x00007ffdea000000 - 0x00007ffdea01b000 	C:\Program Files\Java\jdk-23\bin\VCRUNTIME140.dll
0x00007ffdb9a70000 - 0x00007ffdb9a87000 	C:\Program Files\Java\jdk-23\bin\jli.dll
0x00007ffe02550000 - 0x00007ffe02715000 	C:\WINDOWS\System32\USER32.dll
0x00007ffe003d0000 - 0x00007ffe003f7000 	C:\WINDOWS\System32\win32u.dll
0x00007ffde8be0000 - 0x00007ffde8e73000 	C:\WINDOWS\WinSxS\amd64_microsoft.windows.common-controls_6595b64144ccf1df_6.0.26100.7309_none_3e05feeae336a044\COMCTL32.dll
0x00007ffe03150000 - 0x00007ffe0317b000 	C:\WINDOWS\System32\GDI32.dll
0x00007ffe03180000 - 0x00007ffe03229000 	C:\WINDOWS\System32\msvcrt.dll
0x00007ffe00580000 - 0x00007ffe006ac000 	C:\WINDOWS\System32\gdi32full.dll
0x00007ffe00f70000 - 0x00007ffe01013000 	C:\WINDOWS\System32\msvcp_win.dll
0x00007ffe02510000 - 0x00007ffe02541000 	C:\WINDOWS\System32\IMM32.DLL
0x00007ffde9ff0000 - 0x00007ffde9ffc000 	C:\Program Files\Java\jdk-23\bin\vcruntime140_1.dll
0x00007ffd8bdb0000 - 0x00007ffd8be3e000 	C:\Program Files\Java\jdk-23\bin\msvcp140.dll
0x00007ffce3e60000 - 0x00007ffce4bb0000 	C:\Program Files\Java\jdk-23\bin\server\jvm.dll
0x00007ffe02ca0000 - 0x00007ffe02d54000 	C:\WINDOWS\System32\ADVAPI32.dll
0x00007ffe02ee0000 - 0x00007ffe02f86000 	C:\WINDOWS\System32\sechost.dll
0x00007ffe016a0000 - 0x00007ffe017b8000 	C:\WINDOWS\System32\RPCRT4.dll
0x00007ffe02720000 - 0x00007ffe02794000 	C:\WINDOWS\System32\WS2_32.dll
0x00007ffe00230000 - 0x00007ffe0028e000 	C:\WINDOWS\SYSTEM32\POWRPROF.dll
0x00007ffdf8c00000 - 0x00007ffdf8c0b000 	C:\WINDOWS\SYSTEM32\VERSION.dll
0x00007ffdf7840000 - 0x00007ffdf7875000 	C:\WINDOWS\SYSTEM32\WINMM.dll
0x00007ffe00210000 - 0x00007ffe00224000 	C:\WINDOWS\SYSTEM32\UMPDC.dll
0x00007ffdff180000 - 0x00007ffdff19b000 	C:\WINDOWS\SYSTEM32\kernel.appcore.dll
0x00007ffddfcd0000 - 0x00007ffddfcda000 	C:\Program Files\Java\jdk-23\bin\jimage.dll
0x00007ffdfd920000 - 0x00007ffdfdb62000 	C:\WINDOWS\SYSTEM32\DBGHELP.DLL
0x00007ffe02880000 - 0x00007ffe02c05000 	C:\WINDOWS\System32\combase.dll
0x00007ffe027a0000 - 0x00007ffe02876000 	C:\WINDOWS\System32\OLEAUT32.dll
0x00007ffdf3720000 - 0x00007ffdf375c000 	C:\WINDOWS\SYSTEM32\dbgcore.DLL
0x00007ffe00e00000 - 0x00007ffe00ea5000 	C:\WINDOWS\System32\bcryptPrimitives.dll
0x00007ffdb03b0000 - 0x00007ffdb03ce000 	C:\Program Files\Java\jdk-23\bin\java.dll
0x00007ffe02370000 - 0x00007ffe02507000 	C:\WINDOWS\System32\ole32.dll
0x00007ffe017c0000 - 0x00007ffe01f13000 	C:\WINDOWS\System32\SHELL32.dll
0x00007ffe006b0000 - 0x00007ffe0081a000 	C:\WINDOWS\System32\wintypes.dll

dbghelp: loaded successfully - version: 4.0.5 - missing functions: none
symbol engine: initialized successfully - sym options: 0x614 - pdb path: .;C:\Program Files\Java\jdk-23\bin;C:\WINDOWS\SYSTEM32;C:\Program Files\Avast Software\Avast;C:\WINDOWS\WinSxS\amd64_microsoft.windows.common-controls_6595b64144ccf1df_6.0.26100.7309_none_3e05feeae336a044;C:\Program Files\Java\jdk-23\bin\server

VM Arguments:
java_command: <unknown>
java_class_path (initial): <not set>
Launcher Type: SUN_STANDARD

[Global flags]
     intx CICompilerCount                          = 12                                        {product} {ergonomic}
     uint ConcGCThreads                            = 3                                         {product} {ergonomic}
     uint G1ConcRefinementThreads                  = 13                                        {product} {ergonomic}
   size_t G1HeapRegionSize                         = 2097152                                   {product} {ergonomic}
   size_t InitialHeapSize                          = 257949696                                 {product} {ergonomic}
   size_t MarkStackSize                            = 4194304                                   {product} {ergonomic}
   size_t MarkStackSizeMax                         = 536870912                                 {product} {ergonomic}
   size_t MaxHeapSize                              = 4097835008                                {product} {ergonomic}
   size_t MinHeapDeltaBytes                        = 2097152                                   {product} {ergonomic}
   size_t MinHeapSize                              = 8388608                                   {product} {ergonomic}
    uintx NonNMethodCodeHeapSize                   = 7602176                                {pd product} {ergonomic}
    uintx NonProfiledCodeHeapSize                  = 122093568                              {pd product} {ergonomic}
    uintx ProfiledCodeHeapSize                     = 121962496                              {pd product} {ergonomic}
    uintx ReservedCodeCacheSize                    = 251658240                              {pd product} {ergonomic}
     bool SegmentedCodeCache                       = true                                      {product} {ergonomic}
   size_t SoftMaxHeapSize                          = 4097835008                             {manageable} {ergonomic}
     bool UseCompressedOops                        = true                           {product lp64_product} {ergonomic}
     bool UseG1GC                                  = true                                      {product} {ergonomic}
     bool UseLargePagesIndividualAllocation        = false                                  {pd product} {ergonomic}

Logging:
Log output configuration:
 #0: stdout all=warning uptime,level,tags foldmultilines=false
 #1: stderr all=off uptime,level,tags foldmultilines=false

Environment Variables:
PATH=C:\watcom-1.3\binnt;C:\watcom-1.3\binw;C:\Ruby34-x64\bin;C:\Program Files\Common Files\Oracle\Java\javapath;C:\WINDOWS\system32;C:\WINDOWS;C:\WINDOWS\System32\Wbem;C:\WINDOWS\System32\WindowsPowerShell\v1.0\;C:\WINDOWS\System32\OpenSSH\;C:\Program Files\dotnet\;C:\Program Files (x86)\Windows Kits\10\Windows Performance Toolkit\;C:\Users\bao67\AppData\Local\Programs\Python\Python313;C:\Users\bao67\AppData\Local\Programs\Python\Python313\Scripts;C:\Program Files (x86)\Microsoft SQL Server\160\Tools\Binn\;C:\Program Files\Microsoft SQL Server\160\Tools\Binn\;C:\Program Files\Microsoft SQL Server\Client SDK\ODBC\170\Tools\Binn\;C:\Program Files\Microsoft SQL Server\160\DTS\Binn\;C:\Program Files (x86)\Microsoft SQL Server\160\DTS\Binn\;C:\PROGRA~2\PICC;C:\Program Files (x86)\PICC;C:\Program Files\nodejs\;C:\ProgramData\chocolatey\bin;C:\Users\bao67\AppData\Local\Programs\Python\Launcher\;C:\Users\bao67\AppData\Local\Microsoft\WindowsApps;C:\Users\bao67\AppData\Local\Programs\Microsoft VS Code\bin;C:\Users\bao67\.dotnet\tools;D:\SDLgame\SDL2-2.30.10\lib\x;C:\Users\bao67\AppData\Roaming\npm;C:\Users\bao67\.npm-global\bin;C:\Program Files\MySQL\MySQL Server 8.0\bin;C:\Program Files\Docker\Docker\resources\bin;C:\Program Files\Git\cmd;C:\Program Files\Cloudflare\Cloudflare WARP\;C:\WINDOWS\system32;C:\WINDOWS;C:\WINDOWS\System32\Wbem;C:\WINDOWS\System32\WindowsPowerShell\v1.0\;C:\WINDOWS\System32\OpenSSH\;C:\Program Files\cursor\resources\app\bin;D:\ana;D:\ana\Library\mingw-w64\bin;D:\ana\Library\usr\bin;D:\ana\Library\bin;D:\ana\Scripts;C:\Users\bao67\miniconda3;C:\Users\bao67\miniconda3\Library\mingw-w64\bin;C:\Users\bao67\miniconda3\Library\usr\bin;C:\Users\bao67\miniconda3\Library\bin;C:\Users\bao67\miniconda3\Scripts;c:\Users\bao67\AppData\Local\Programs\cursor\resources\app\codeBin;C:\Program Files\Common Files\Oracle\Java\javapath;C:\WINDOWS\system32;C:\WINDOWS;C:\WINDOWS\System32\Wbem;C:\WINDOWS\System32\WindowsPowerShell\v1.0\;C:\WINDOWS\System32\OpenSSH\;C:\Program Files\dotnet\;C:\Program Files (x86)\Windows Kits\10\Windows Performance Toolkit\;C:\Users\bao67\AppData\Local\Programs\Python\Python313;C:\Users\bao67\AppData\Local\Programs\Python\Python313\Scripts;C:\Program Files\Git\cmd;C:\Program Files (x86)\Microsoft SQL Server\160\Tools\Binn\;C:\Program Files\Microsoft SQL Server\160\Tools\Binn\;C:\Program Files\Microsoft SQL Server\Client SDK\ODBC\170\Tools\Binn\;C:\Program Files\Microsoft SQL Server\160\DTS\Binn\;C:\Program Files (x86)\Microsoft SQL Server\160\DTS\Binn\;C:\PROGRA~2\PICC;C:\Program Files (x86)\PICC;C:\Program Files\Cloudflare\Cloudflare WARP\;C:\Users\bao67\AppData\Local\Programs\Python\Launcher\;C:\Users\bao67\AppData\Local\Microsoft\WindowsApps;C:\Users\bao67\AppData\Local\Programs\Microsoft VS Code\bin;C:\Users\bao67\.dotnet\tools;D:\SDLgame\SDL2-2.30.10\lib\x;C:\Users\bao67\AppData\Roaming\npm;C:\Users\bao67\.npm-global\bin;C:\Users\bao67\AppData\Local\Programs\Windsurf\bin;C:\Users\bao67\AppData\Local\Microsoft\WindowsApps;C:\Users\bao67\AppData\Local\Programs\Antigravity\bin
USERNAME=bao67
OS=Windows_NT
PROCESSOR_IDENTIFIER=AMD64 Family 25 Model 68 Stepping 1, AuthenticAMD
TMP=C:\Users\bao67\AppData\Local\Temp
TEMP=C:\Users\bao67\AppData\Local\Temp




Periodic native trim disabled

---------------  S Y S T E M  ---------------

OS:
 Windows 11 , 64 bit Build 26100 (10.0.26100.7309)
OS uptime: 0 days 0:45 hours
Hyper-V role detected

CPU: total 16 (initial active 16) (16 cores per cpu, 2 threads per core) family 25 model 68 stepping 1 microcode 0xa404102, cx8, cmov, fxsr, ht, mmx, 3dnowpref, sse, sse2, sse3, ssse3, sse4a, sse4.1, sse4.2, popcnt, lzcnt, tsc, tscinvbit, avx, avx2, aes, erms, clmul, bmi1, bmi2, adx, sha, fma, vzeroupper, clflush, clflushopt, hv, rdtscp, rdpid, fsrm, f16c, cet_ss
Processor Information for the first 16 processors :
  Max Mhz: 3201, Current Mhz: 3201, Mhz Limit: 3201

Memory: 4k page, system-wide physical 15628M (1067M free)
TotalPageFile size 29937M (AvailPageFile size 72M)
current process WorkingSet (physical memory assigned to process): 14M, peak: 14M
current process commit charge ("private bytes"): 71M, peak: 317M

vm_info: Java HotSpot(TM) 64-Bit Server VM (23.0.2+7-58) for windows-amd64 JRE (23.0.2+7-58), built on 2024-11-29T09:34:55Z with MS VC++ 17.6 (VS2022)

END.
